var arr = [10,20,30,40,50];
undefined
arr.length = 2;
2
arr;
(2) [10, 20]
var arr = [10,20,30,40,50];
undefined
arr.splice(1,1);
[20]
arr;
(4) [10, 30, 40, 50]
arr.splice(1);
(3) [30, 40, 50]
arr;
[10]
var arr = [10,20,30,40,50];
undefined
arr.splice(1,2);
(2) [20, 30]
arr;
(3) [10, 40, 50]
var arr = [10,20,30,40,50];
undefined
arr.splice(1,1,1000);
[20]
arr;
(5) [10, 1000, 30, 40, 50]
arr.splice(1,0,9999);
[]
arr;
(6) [10, 9999, 1000, 30, 40, 50]
Array.prototype.insert;
undefined
arr.push(10000);
7
arr;
(7) [10, 9999, 1000, 30, 40, 50, 10000]
arr.unshift(5555);
8
arr;
(8) [5555, 10, 9999, 1000, 30, 40, 50, 10000]
Array.prototype.insert = function(index, element){
 this.splice(index, 0, element);
}
ƒ (index, element){
 this.splice(index, 0, element);
}
arr;
(8) [5555, 10, 9999, 1000, 30, 40, 50, 10000]
arr.insert(2, 7777777);
undefined
arr;
(9) [5555, 10, 7777777, 9999, 1000, 30, 40, 50, 10000]
Array.prototype.insert = function(index, element){
 this.splice(index, 0, element);
return this.length;
}
ƒ (index, element){
 this.splice(index, 0, element);
return this.length;
}
arr.insert(1,4545454);
10
arr;
(10) [5555, 4545454, 10, 7777777, 9999, 1000, 30, 40, 50, 10000]
var gg = [10,20];
undefined
gg.insert(1,5545);
3
gg;
(3) [10, 5545, 20]
var arr = [10,20,30,40,50];
undefined
arr.filter(e=>e<30);
(2) [10, 20]
arr;
(5) [10, 20, 30, 40, 50]
arr = arr.filter(e=>e<30);
(2) [10, 20]
arr;
(2) [10, 20]
var arr = [10,20,30,40,50];
undefined
arr.forEach(element=>console.log(element));
VM1671:1 10
VM1671:1 20
VM1671:1 30
VM1671:1 40
VM1671:1 50
undefined
