function add(){
    console.log(arguments instanceof Array);
    for(var i = 0; i<arguments.length; i++){
}
}
undefined
add();
VM187:2 false
undefined
add(1,2,3,4,5,6);
VM187:2 false
undefined
function add(){
    var sum = 0;
    console.log(arguments instanceof Array);
    for(var i = 0; i<arguments.length; i++){
    sum = sum + arguments[i];
}
    return sum;
}
undefined
add(1,2,3,4,5,6);
VM346:3 false
21
function add(){
    var sum = 0;
    //console.log(arguments instanceof Array);
    for(var i = 0; i<arguments.length; i++){
    sum = sum + arguments[i];
}
    return sum;
}
undefined
add(1,2,3,4,5,6);
21
add();
0
add(1,2);
3
add(10,90,100);
200
function add(){
    var sum = 0;
    console.log(arguments instanceof Array, typeof arguments);
    for(var i = 0; i<arguments.length; i++){
    sum = sum + arguments[i];
}
    return sum;
}
undefined
add(10,90,100);
VM525:3 false 'object'
200
function add(){
    var sum = 0;
    //console.log(arguments instanceof Array, typeof arguments);
    for(var i = 0; i<arguments.length; i++){
    sum = sum + parseInt(arguments[i]);
}
    return sum;
}
undefined
add(10,"20",30);
60
function add(){
    var sum = 0;
    //console.log(arguments instanceof Array, typeof arguments);
    for(var i = 0; i<arguments.length; i++){
    //sum = sum + parseInt(arguments[i]);
sum = sum + arguments[i];
}
    return sum;
}
undefined
add(10,"20",30);
'102030'
add(10,20,"30");
'3030'
function add(){
    var sum = 0;
    //console.log(arguments instanceof Array, typeof arguments);
    for(var i = 0; i<arguments.length; i++){
    sum += parseInt(arguments[i]);
//sum = sum + arguments[i];
}
    return sum;
}
undefined
add(10,20,"30");
60
add(10,20,"30","four");
NaN
parseInt("one")
NaN
parseInt("one") + 333
NaN
function add(){
    var sum = 0;
    //console.log(arguments instanceof Array, typeof arguments);
    for(var i = 0; i<arguments.length; i++){
    sum += isNaN(parseInt(arguments[i]))?0:parseInt(arguments[i]);
//sum = sum + arguments[i];
}
    return sum;
}
undefined
add(10,20,"30","four");
60
function giveMeNumber(){
return "1";
}
undefined
function anotherNumber(){
return 2;
}
undefined
var x = 1;
var y = "2";
var z= giveMeNumber;
add(x,y,3,"four",z, anotherNumber);
6
function add(){
    var sum = 0;
    //console.log(arguments instanceof Array, typeof arguments);
    for(var i = 0; i<arguments.length; i++){
    if(typeof arguments[i] === 'function'){
        arguments[i] = arguments[i](); // call function 
}
    sum += isNaN(parseInt(arguments[i]))?0:parseInt(arguments[i]);
//sum = sum + arguments[i];
}
    return sum;
}
undefined
var x = 1;
var y = "2";
var z= giveMeNumber;
add(x,y,3,"four",z, anotherNumber);
9
